<?xml version="1.0" encoding="UTF-8"?>
<!-- Generated by org.testng.reporters.JUnitXMLReporter -->
<testsuite ignored="0" hostname="ANITA" failures="0" tests="4" name="StudentsTest" time="4.337" errors="0" timestamp="2024-02-21T13:19:01 GMT">
  <testcase classname="api.test.StudentsTestsProperties" name="testPostUser" time="2.776"/>
  <testcase classname="api.test.StudentsTestsProperties" name="testReadUserByUserName" time="0.056"/>
  <testcase classname="api.test.StudentsTestsProperties" name="testUpdateUserByName" time="0.058"/>
  <testcase classname="api.test.StudentsTestsProperties" name="testDeleteUser" time="0.029"/>
</testsuite> <!-- StudentsTest -->
