<?xml version="1.0" encoding="UTF-8"?>
<!-- Generated by org.testng.reporters.JUnitXMLReporter -->
<testsuite ignored="0" hostname="ANITA" failures="0" tests="4" name="Default test" time="5.704" errors="0" timestamp="2024-02-21T20:21:53 GMT">
  <testcase classname="api.test.StudentsTestsProperties" name="testPostUser" time="3.734"/>
  <testcase classname="api.test.StudentsTestsProperties" name="testReadUserByUserName" time="0.068"/>
  <testcase classname="api.test.StudentsTestsProperties" name="testUpdateUserByName" time="0.065"/>
  <testcase classname="api.test.StudentsTestsProperties" name="testDeleteUser" time="0.027"/>
</testsuite> <!-- Default test -->
