<?xml version="1.0" encoding="UTF-8"?>
<!-- Generated by org.testng.reporters.JUnitXMLReporter -->
<testsuite ignored="0" hostname="ANITA" failures="0" tests="4" name="StudentsPropertiesTest" time="4.554" errors="0" timestamp="2024-02-21T20:56:49 GMT">
  <testcase classname="api.test.StudentsTestsProperties" name="testPostUser" time="3.566"/>
  <testcase classname="api.test.StudentsTestsProperties" name="testReadUserByUserName" time="0.072"/>
  <testcase classname="api.test.StudentsTestsProperties" name="testUpdateUserByName" time="0.065"/>
  <testcase classname="api.test.StudentsTestsProperties" name="testDeleteUser" time="0.026"/>
</testsuite> <!-- StudentsPropertiesTest -->
