<?xml version="1.0" encoding="UTF-8"?>
<testng-results ignored="0" total="4" passed="4" failed="0" skipped="0">
  <reporter-output>
  </reporter-output>
  <suite started-at="2024-02-21T20:56:44 GMT" name="StudentsPropertiesSuite" finished-at="2024-02-21T20:56:48 GMT" duration-ms="4554">
    <groups>
    </groups>
    <test started-at="2024-02-21T20:56:44 GMT" name="StudentsPropertiesTest" finished-at="2024-02-21T20:56:48 GMT" duration-ms="4554">
      <class name="api.test.StudentsTestsProperties">
        <test-method is-config="true" signature="setUp()[pri:0, instance:api.test.StudentsTestsProperties@460f76a6]" started-at="2024-02-21T20:56:44 GMT" name="setUp" finished-at="2024-02-21T20:56:44 GMT" duration-ms="484" status="PASS">
          <reporter-output>
          </reporter-output>
        </test-method> <!-- setUp -->
        <test-method signature="testPostUser()[pri:1, instance:api.test.StudentsTestsProperties@460f76a6]" started-at="2024-02-21T20:56:44 GMT" name="testPostUser" finished-at="2024-02-21T20:56:48 GMT" duration-ms="3566" status="PASS">
          <reporter-output>
          </reporter-output>
        </test-method> <!-- testPostUser -->
        <test-method signature="testReadUserByUserName()[pri:2, instance:api.test.StudentsTestsProperties@460f76a6]" started-at="2024-02-21T20:56:48 GMT" name="testReadUserByUserName" finished-at="2024-02-21T20:56:48 GMT" duration-ms="72" status="PASS">
          <reporter-output>
          </reporter-output>
        </test-method> <!-- testReadUserByUserName -->
        <test-method signature="testUpdateUserByName()[pri:3, instance:api.test.StudentsTestsProperties@460f76a6]" started-at="2024-02-21T20:56:48 GMT" name="testUpdateUserByName" finished-at="2024-02-21T20:56:48 GMT" duration-ms="65" status="PASS">
          <reporter-output>
          </reporter-output>
        </test-method> <!-- testUpdateUserByName -->
        <test-method signature="testDeleteUser()[pri:4, instance:api.test.StudentsTestsProperties@460f76a6]" started-at="2024-02-21T20:56:48 GMT" name="testDeleteUser" finished-at="2024-02-21T20:56:48 GMT" duration-ms="26" status="PASS">
          <reporter-output>
          </reporter-output>
        </test-method> <!-- testDeleteUser -->
      </class> <!-- api.test.StudentsTestsProperties -->
    </test> <!-- StudentsPropertiesTest -->
  </suite> <!-- StudentsPropertiesSuite -->
</testng-results>
